# JRE version: OpenJDK Runtime Environment (8.0_282) (build 1.8.0_282-bre_2021_01_20_16_37-b00)
# Java VM: OpenJDK 64-Bit Server VM (25.282-b00 mixed mode bsd-amd64 compressed oops)
Heap:
 par new generation   total 235968K, used 143195K [0x0000000780000000, 0x0000000790000000, 0x0000000790000000)
  eden space 209792K,  60% used [0x0000000780000000, 0x0000000787cd0188, 0x000000078cce0000)
  from space 26176K,  58% used [0x000000078cce0000, 0x000000078dbe6d00, 0x000000078e670000)
  to   space 26176K,   0% used [0x000000078e670000, 0x000000078e670000, 0x0000000790000000)
 concurrent mark-sweep generation total 786432K, used 7710K [0x0000000790000000, 0x00000007c0000000, 0x00000007c0000000)
 Metaspace       used 33646K, capacity 34393K, committed 34700K, reserved 1079296K
  class space    used 4765K, capacity 4968K, committed 5040K, reserved 1048576K
GC Heap History (4 events):
Event: 6.096 GC heap before
{Heap before GC invocations=0 (full 0):
 par new generation   total 235968K, used 209792K [0x0000000780000000, 0x0000000790000000, 0x0000000790000000)
  eden space 209792K, 100% used [0x0000000780000000, 0x000000078cce0000, 0x000000078cce0000)
  from space 26176K,   0% used [0x000000078cce0000, 0x000000078cce0000, 0x000000078e670000)
  to   space 26176K,   0% used [0x000000078e670000, 0x000000078e670000, 0x0000000790000000)
 concurrent mark-sweep generation total 786432K, used 0K [0x0000000790000000, 0x00000007c0000000, 0x00000007c0000000)
 Metaspace       used 25775K, capacity 26191K, committed 26532K, reserved 1073152K
  class space    used 3061K, capacity 3194K, committed 3248K, reserved 1048576K
Event: 6.152 GC heap after
Heap after GC invocations=1 (full 0):
 par new generation   total 235968K, used 26176K [0x0000000780000000, 0x0000000790000000, 0x0000000790000000)
  eden space 209792K,   0% used [0x0000000780000000, 0x0000000780000000, 0x000000078cce0000)
  from space 26176K, 100% used [0x000000078e670000, 0x0000000790000000, 0x0000000790000000)
  to   space 26176K,   0% used [0x000000078cce0000, 0x000000078cce0000, 0x000000078e670000)
 concurrent mark-sweep generation total 786432K, used 878K [0x0000000790000000, 0x00000007c0000000, 0x00000007c0000000)
 Metaspace       used 25775K, capacity 26191K, committed 26532K, reserved 1073152K
  class space    used 3061K, capacity 3194K, committed 3248K, reserved 1048576K
}
Event: 7.275 GC heap before
{Heap before GC invocations=1 (full 1):
 par new generation   total 235968K, used 235968K [0x0000000780000000, 0x0000000790000000, 0x0000000790000000)
  eden space 209792K, 100% used [0x0000000780000000, 0x000000078cce0000, 0x000000078cce0000)
  from space 26176K, 100% used [0x000000078e670000, 0x0000000790000000, 0x0000000790000000)
  to   space 26176K,   0% used [0x000000078cce0000, 0x000000078cce0000, 0x000000078e670000)
 concurrent mark-sweep generation total 786432K, used 878K [0x0000000790000000, 0x00000007c0000000, 0x00000007c0000000)
 Metaspace       used 26868K, capacity 27365K, committed 27428K, reserved 1073152K
  class space    used 3195K, capacity 3371K, committed 3376K, reserved 1048576K
Event: 7.331 GC heap after
Heap after GC invocations=2 (full 1):
 par new generation   total 235968K, used 15387K [0x0000000780000000, 0x0000000790000000, 0x0000000790000000)
  eden space 209792K,   0% used [0x0000000780000000, 0x0000000780000000, 0x000000078cce0000)
  from space 26176K,  58% used [0x000000078cce0000, 0x000000078dbe6d00, 0x000000078e670000)
  to   space 26176K,   0% used [0x000000078e670000, 0x000000078e670000, 0x0000000790000000)
 concurrent mark-sweep generation total 786432K, used 7710K [0x0000000790000000, 0x00000007c0000000, 0x00000007c0000000)
 Metaspace       used 26868K, capacity 27365K, committed 27428K, reserved 1073152K
  class space    used 3195K, capacity 3371K, committed 3376K, reserved 1048576K
}

